2025-09-17 10:10:24,492 INFO: Task Manager startup [in C:\Users\hp\Desktop\project-bolt-sb1-jkm8k57b (1)\project\app.py:26]
2025-09-17 10:12:55,743 INFO: Task Manager startup [in C:\Users\hp\Desktop\project-bolt-sb1-jkm8k57b (1)\project\app.py:26]
2025-09-17 10:12:56,662 INFO: Task Manager startup [in C:\Users\hp\Desktop\project-bolt-sb1-jkm8k57b (1)\project\app.py:26]
2025-09-17 10:15:53,584 INFO: Task Manager startup [in C:\Users\hp\Desktop\project-bolt-sb1-jkm8k57b (1)\project\app.py:26]
2025-09-17 10:15:56,349 INFO: Task Manager startup [in C:\Users\hp\Desktop\project-bolt-sb1-jkm8k57b (1)\project\app.py:26]
2025-09-17 10:18:20,046 INFO: Task Manager startup [in C:\Users\hp\Desktop\project-bolt-sb1-jkm8k57b (1)\project\app.py:28]
2025-09-17 10:18:20,690 INFO: Task Manager startup [in C:\Users\hp\Desktop\project-bolt-sb1-jkm8k57b (1)\project\app.py:28]
2025-09-17 10:18:50,775 ERROR: Erreur lors de l'inscription: (sqlite3.OperationalError) no such column: user.last_login
[SQL: SELECT user.id AS user_id, user.username AS user_username, user.email AS user_email, user.password_hash AS user_password_hash, user.is_admin AS user_is_admin, user.created_at AS user_created_at, user.last_login AS user_last_login 
FROM user 
WHERE user.username = ?
 LIMIT ? OFFSET ?]
[parameters: ('taha', 1, 0)]
(Background on this error at: https://sqlalche.me/e/20/e3q8) [in C:\Users\hp\Desktop\project-bolt-sb1-jkm8k57b (1)\project\app.py:252]
2025-09-17 10:19:06,984 ERROR: Erreur lors de l'inscription: (sqlite3.OperationalError) no such column: user.last_login
[SQL: SELECT user.id AS user_id, user.username AS user_username, user.email AS user_email, user.password_hash AS user_password_hash, user.is_admin AS user_is_admin, user.created_at AS user_created_at, user.last_login AS user_last_login 
FROM user 
WHERE user.username = ?
 LIMIT ? OFFSET ?]
[parameters: ('taha', 1, 0)]
(Background on this error at: https://sqlalche.me/e/20/e3q8) [in C:\Users\hp\Desktop\project-bolt-sb1-jkm8k57b (1)\project\app.py:252]
2025-09-17 10:19:16,470 ERROR: Erreur lors de la connexion: (sqlite3.OperationalError) no such column: user.last_login
[SQL: SELECT user.id AS user_id, user.username AS user_username, user.email AS user_email, user.password_hash AS user_password_hash, user.is_admin AS user_is_admin, user.created_at AS user_created_at, user.last_login AS user_last_login 
FROM user 
WHERE user.username = ?
 LIMIT ? OFFSET ?]
[parameters: ('taha', 1, 0)]
(Background on this error at: https://sqlalche.me/e/20/e3q8) [in C:\Users\hp\Desktop\project-bolt-sb1-jkm8k57b (1)\project\app.py:293]
2025-09-17 10:19:50,041 ERROR: Erreur lors de l'inscription: (sqlite3.OperationalError) no such column: user.last_login
[SQL: SELECT user.id AS user_id, user.username AS user_username, user.email AS user_email, user.password_hash AS user_password_hash, user.is_admin AS user_is_admin, user.created_at AS user_created_at, user.last_login AS user_last_login 
FROM user 
WHERE user.username = ?
 LIMIT ? OFFSET ?]
[parameters: ('taha', 1, 0)]
(Background on this error at: https://sqlalche.me/e/20/e3q8) [in C:\Users\hp\Desktop\project-bolt-sb1-jkm8k57b (1)\project\app.py:252]
2025-09-17 10:21:33,138 ERROR: Erreur lors de l'inscription: (sqlite3.OperationalError) no such column: user.last_login
[SQL: SELECT user.id AS user_id, user.username AS user_username, user.email AS user_email, user.password_hash AS user_password_hash, user.is_admin AS user_is_admin, user.created_at AS user_created_at, user.last_login AS user_last_login 
FROM user 
WHERE user.username = ?
 LIMIT ? OFFSET ?]
[parameters: ('taha', 1, 0)]
(Background on this error at: https://sqlalche.me/e/20/e3q8) [in C:\Users\hp\Desktop\project-bolt-sb1-jkm8k57b (1)\project\app.py:252]
2025-09-17 10:22:48,308 INFO: Task Manager startup [in C:\Users\hp\Desktop\project-bolt-sb1-jkm8k57b (1)\project\app.py:28]
2025-09-17 10:22:49,036 INFO: Task Manager startup [in C:\Users\hp\Desktop\project-bolt-sb1-jkm8k57b (1)\project\app.py:28]
2025-09-17 10:23:26,444 WARNING: Tentative de connexion échouée pour: admin [in C:\Users\hp\Desktop\project-bolt-sb1-jkm8k57b (1)\project\app.py:289]
2025-09-17 10:27:11,512 INFO: Task Manager startup [in C:\Users\hp\Desktop\project-bolt-sb1-jkm8k57b (1)\project\app.py:28]
2025-09-17 10:27:24,580 INFO: Task Manager startup [in C:\Users\hp\Desktop\project-bolt-sb1-jkm8k57b (1)\project\app.py:28]
2025-09-17 10:27:25,209 INFO: Task Manager startup [in C:\Users\hp\Desktop\project-bolt-sb1-jkm8k57b (1)\project\app.py:28]
2025-09-17 10:28:52,285 INFO: Task Manager startup [in C:\Users\hp\Desktop\project-bolt-sb1-jkm8k57b (1)\project\app.py:30]
2025-09-17 10:29:19,639 INFO: Task Manager startup [in C:\Users\hp\Desktop\project-bolt-sb1-jkm8k57b (1)\project\app.py:30]
2025-09-17 10:29:20,322 INFO: Task Manager startup [in C:\Users\hp\Desktop\project-bolt-sb1-jkm8k57b (1)\project\app.py:30]
2025-09-17 10:31:42,930 INFO: Task Manager startup [in C:\Users\hp\Desktop\project-bolt-sb1-jkm8k57b (1)\project\app.py:30]
2025-09-17 10:31:43,719 INFO: Task Manager startup [in C:\Users\hp\Desktop\project-bolt-sb1-jkm8k57b (1)\project\app.py:30]
2025-09-17 10:32:04,813 INFO: Premier utilisateur créé: taha (admin) [in C:\Users\hp\Desktop\project-bolt-sb1-jkm8k57b (1)\project\app.py:246]
2025-09-17 10:32:04,826 INFO: Nouvel utilisateur enregistré: taha [in C:\Users\hp\Desktop\project-bolt-sb1-jkm8k57b (1)\project\app.py:251]
2025-09-17 10:34:30,561 INFO: Nouvelle tâche créée par taha: ttt [in C:\Users\hp\Desktop\project-bolt-sb1-jkm8k57b (1)\project\app.py:490]
2025-09-17 10:36:54,304 INFO: Task Manager startup [in C:\Users\hp\Desktop\project-bolt-sb1-jkm8k57b (1)\project\app.py:30]
2025-09-17 10:36:55,041 INFO: Task Manager startup [in C:\Users\hp\Desktop\project-bolt-sb1-jkm8k57b (1)\project\app.py:30]
2025-09-17 10:48:40,105 INFO: Task Manager startup [in C:\Users\hp\Desktop\project-bolt-sb1-jkm8k57b (1)\project\app.py:30]
2025-09-17 10:48:40,762 INFO: Task Manager startup [in C:\Users\hp\Desktop\project-bolt-sb1-jkm8k57b (1)\project\app.py:30]
2025-09-17 10:59:42,417 INFO: Task Manager startup [in C:\Users\hp\Desktop\project-bolt-sb1-jkm8k57b (1)\project\app.py:30]
2025-09-17 10:59:43,136 INFO: Task Manager startup [in C:\Users\hp\Desktop\project-bolt-sb1-jkm8k57b (1)\project\app.py:30]
2025-09-17 10:59:58,733 INFO: Premier utilisateur créé: taha (admin) [in C:\Users\hp\Desktop\project-bolt-sb1-jkm8k57b (1)\project\app.py:246]
2025-09-17 10:59:58,745 INFO: Nouvel utilisateur enregistré: taha [in C:\Users\hp\Desktop\project-bolt-sb1-jkm8k57b (1)\project\app.py:251]
2025-09-17 11:03:17,005 INFO: Task Manager startup [in C:\Users\hp\Desktop\project-bolt-sb1-jkm8k57b (1)\project\app.py:30]
2025-09-17 11:03:17,746 INFO: Task Manager startup [in C:\Users\hp\Desktop\project-bolt-sb1-jkm8k57b (1)\project\app.py:30]
2025-09-17 11:03:39,130 INFO: Premier utilisateur créé: taha (admin) [in C:\Users\hp\Desktop\project-bolt-sb1-jkm8k57b (1)\project\app.py:246]
2025-09-17 11:03:39,139 INFO: Nouvel utilisateur enregistré: taha [in C:\Users\hp\Desktop\project-bolt-sb1-jkm8k57b (1)\project\app.py:251]
